[ 2026-05-14 17:26:00,443 ] root - INFO - Logger has started
[ 2026-05-14 17:26:01,975 ] asyncio - DEBUG - Using selector: EpollSelector
[ 2026-05-14 17:26:01,976 ] asyncio - DEBUG - Using selector: EpollSelector
[ 2026-05-14 17:26:01,976 ] root - INFO - Starting data validation pipeline test
[ 2026-05-14 17:26:01,977 ] src.WhatsApp_Analyser.pipelines.data_ingestion_pipeline - INFO - Initializing DataIngestionPipeline
[ 2026-05-14 17:26:01,977 ] src.WhatsApp_Analyser.pipelines.data_ingestion_pipeline - INFO - Starting Data Ingestion Pipeline
[ 2026-05-14 17:26:01,977 ] src.WhatsApp_Analyser.components.DataIngestion_component - INFO - Initializing DataIngestionComponent
[ 2026-05-14 17:26:01,977 ] src.WhatsApp_Analyser.components.DataIngestion_component - DEBUG - Config: DataIngestionConfig(ingest_file_path='/home/vashuthegreat/Projects/WhatsAppChatAnalyser/data/WhatsApp Chat with 2nd Year CSE-AIML-2[24-28].txt', data_ingestion_dir='artifacts/05_14_2026_17_26_00/ingestion', feature_store_file_path='artifacts/05_14_2026_17_26_00/ingestion/features/data.csv', training_file_path='artifacts/05_14_2026_17_26_00/ingestion/ingested_data/train.csv', testing_file_path='artifacts/05_14_2026_17_26_00/ingestion/ingested_data/test.csv', train_test_split_ratio=0.2)
[ 2026-05-14 17:26:01,977 ] src.WhatsApp_Analyser.components.DataIngestion_component - INFO - Starting data ingestion process
[ 2026-05-14 17:26:01,977 ] root - INFO - Entered in the get_data method of Data Acess
[ 2026-05-14 17:26:01,977 ] root - INFO - Loaded data txt file
[ 2026-05-14 17:26:01,977 ] root - INFO - converting data into test by convert_text_csv
[ 2026-05-14 17:26:01,985 ] src.WhatsApp_Analyser.components.DataIngestion_component - INFO - Data fetched successfully. Row count: 732
[ 2026-05-14 17:26:01,985 ] src.WhatsApp_Analyser.components.DataIngestion_component - INFO - Splitting dataset into train and test
[ 2026-05-14 17:26:01,987 ] src.WhatsApp_Analyser.components.DataIngestion_component - DEBUG - Train size: 585, Test size: 147
[ 2026-05-14 17:26:01,987 ] src.WhatsApp_Analyser.components.DataIngestion_component - INFO - Saving feature store, training, and testing files
[ 2026-05-14 17:26:01,988 ] src.WhatsApp_Analyser.components.DataIngestion_component - DEBUG - Feature store directory created: artifacts/05_14_2026_17_26_00/ingestion/features
[ 2026-05-14 17:26:01,996 ] src.WhatsApp_Analyser.components.DataIngestion_component - INFO - Feature store file saved at: artifacts/05_14_2026_17_26_00/ingestion/features/data.csv
[ 2026-05-14 17:26:01,996 ] src.WhatsApp_Analyser.components.DataIngestion_component - DEBUG - Testing directory created: artifacts/05_14_2026_17_26_00/ingestion/ingested_data
[ 2026-05-14 17:26:02,003 ] src.WhatsApp_Analyser.components.DataIngestion_component - INFO - Testing file saved at: artifacts/05_14_2026_17_26_00/ingestion/ingested_data/test.csv
[ 2026-05-14 17:26:02,003 ] src.WhatsApp_Analyser.components.DataIngestion_component - DEBUG - Training directory created: artifacts/05_14_2026_17_26_00/ingestion/ingested_data
[ 2026-05-14 17:26:02,007 ] src.WhatsApp_Analyser.components.DataIngestion_component - INFO - Training file saved at: artifacts/05_14_2026_17_26_00/ingestion/ingested_data/train.csv
[ 2026-05-14 17:26:02,008 ] src.WhatsApp_Analyser.components.DataIngestion_component - INFO - Data ingestion completed successfully
[ 2026-05-14 17:26:02,008 ] src.WhatsApp_Analyser.components.DataIngestion_component - DEBUG - Artifact: DataIngestionArtifact(trained_file_path='artifacts/05_14_2026_17_26_00/ingestion/ingested_data/train.csv', test_file_path='artifacts/05_14_2026_17_26_00/ingestion/ingested_data/test.csv')
[ 2026-05-14 17:26:02,008 ] src.WhatsApp_Analyser.pipelines.data_ingestion_pipeline - INFO - Data Ingestion Pipeline completed successfully
[ 2026-05-14 17:26:02,008 ] src.WhatsApp_Analyser.pipelines.data_validation_pipeline - INFO - Initializing DataValidationPipeline
[ 2026-05-14 17:26:02,008 ] src.WhatsApp_Analyser.pipelines.data_validation_pipeline - INFO - Starting Data Validation Pipeline
[ 2026-05-14 17:26:02,008 ] src.WhatsApp_Analyser.components.DataValidation_compoent - INFO - Initializing DataValidationComponent
[ 2026-05-14 17:26:02,008 ] src.WhatsApp_Analyser.components.DataValidation_compoent - INFO - Starting data validation process
[ 2026-05-14 17:26:02,010 ] src.WhatsApp_Analyser.components.DataValidation_compoent - INFO - Schema loaded from config/data_validation.yml
[ 2026-05-14 17:26:02,015 ] src.WhatsApp_Analyser.components.DataValidation_compoent - INFO - Data loaded from artifacts/05_14_2026_17_26_00/ingestion/features/data.csv
[ 2026-05-14 17:26:02,015 ] src.WhatsApp_Analyser.components.DataValidation_compoent - INFO - Starting schema validation
[ 2026-05-14 17:26:02,016 ] src.WhatsApp_Analyser.components.DataValidation_compoent - DEBUG - Expected columns: ['Date', 'Time', 'Sender', 'Message']
[ 2026-05-14 17:26:02,016 ] src.WhatsApp_Analyser.components.DataValidation_compoent - DEBUG - Expected number of columns: 4
[ 2026-05-14 17:26:02,016 ] src.WhatsApp_Analyser.components.DataValidation_compoent - INFO - Schema validation successful
[ 2026-05-14 17:26:02,016 ] src.WhatsApp_Analyser.components.DataValidation_compoent - INFO - Validation report saved at artifacts/05_14_2026_17_26_00/validation/report.yaml
[ 2026-05-14 17:26:02,017 ] src.WhatsApp_Analyser.pipelines.data_validation_pipeline - INFO - Data Validation Pipeline completed successfully
[ 2026-05-14 17:26:02,017 ] root - INFO - Data validation artifact: DataValidationArtifact(validation=True, message='Validation Success', validation_report_file_path='artifacts/05_14_2026_17_26_00/validation/report.yaml')
